app/build/outputs/logs/manifest-merger-debug-report.txt
-- Merging decision tree log ---
manifest
ADDED from src/main/AndroidManifest.xml:20:1-157:12
	package
		ADDED from src/main/AndroidManifest.xml:22:5-35
		INJECTED from src/main/AndroidManifest.xml
		INJECTED from src/main/AndroidManifest.xml
	xmlns:android
		ADDED from src/main/AndroidManifest.xml:21:5-63
permission#com.android.launcher.permission.PRELOAD_WORKSPACE
ADDED from src/main/AndroidManifest.xml:25:5-27:75
	android:permissionGroup
		ADDED from src/main/AndroidManifest.xml:27:9-72
	android:name
		ADDED from src/main/AndroidManifest.xml:26:9-73
permission#com.android.launcher.permission.INSTALL_SHORTCUT
ADDED from src/main/AndroidManifest.xml:28:5-33:67
	android:label
		ADDED from src/main/AndroidManifest.xml:32:9-57
	android:protectionLevel
		ADDED from src/main/AndroidManifest.xml:31:9-44
	android:permissionGroup
		ADDED from src/main/AndroidManifest.xml:30:9-72
	android:description
		ADDED from src/main/AndroidManifest.xml:33:9-64
	android:name
		ADDED from src/main/AndroidManifest.xml:29:9-72
permission#com.android.launcher.permission.UNINSTALL_SHORTCUT
ADDED from src/main/AndroidManifest.xml:34:5-39:68
	android:label
		ADDED from src/main/AndroidManifest.xml:38:9-59
	android:protectionLevel
		ADDED from src/main/AndroidManifest.xml:37:9-44
	android:permissionGroup
		ADDED from src/main/AndroidManifest.xml:36:9-72
	android:description
		ADDED from src/main/AndroidManifest.xml:39:9-66
	android:name
		ADDED from src/main/AndroidManifest.xml:35:9-74
permission#com.osiris.launchpad.permission.READ_SETTINGS
ADDED from src/main/AndroidManifest.xml:40:5-45:63
	android:label
		ADDED from src/main/AndroidManifest.xml:44:9-54
	android:protectionLevel
		ADDED from src/main/AndroidManifest.xml:43:9-41
	android:permissionGroup
		ADDED from src/main/AndroidManifest.xml:42:9-72
	android:description
		ADDED from src/main/AndroidManifest.xml:45:9-61
	android:name
		ADDED from src/main/AndroidManifest.xml:41:9-69
permission#com.osiris.launchpad.permission.WRITE_SETTINGS
ADDED from src/main/AndroidManifest.xml:46:5-51:64
	android:label
		ADDED from src/main/AndroidManifest.xml:50:9-55
	android:protectionLevel
		ADDED from src/main/AndroidManifest.xml:49:9-41
	android:permissionGroup
		ADDED from src/main/AndroidManifest.xml:48:9-72
	android:description
		ADDED from src/main/AndroidManifest.xml:51:9-62
	android:name
		ADDED from src/main/AndroidManifest.xml:47:9-70
uses-permission#android.permission.CALL_PHONE
ADDED from src/main/AndroidManifest.xml:53:5-69
	android:name
		ADDED from src/main/AndroidManifest.xml:53:22-66
uses-permission#android.permission.SET_WALLPAPER
ADDED from src/main/AndroidManifest.xml:54:5-72
	android:name
		ADDED from src/main/AndroidManifest.xml:54:22-69
uses-permission#android.permission.SET_WALLPAPER_HINTS
ADDED from src/main/AndroidManifest.xml:55:5-78
	android:name
		ADDED from src/main/AndroidManifest.xml:55:22-75
uses-permission#android.permission.VIBRATE
ADDED from src/main/AndroidManifest.xml:56:5-66
	android:name
		ADDED from src/main/AndroidManifest.xml:56:22-63
uses-permission#android.permission.BIND_APPWIDGET
ADDED from src/main/AndroidManifest.xml:57:5-73
	android:name
		ADDED from src/main/AndroidManifest.xml:57:22-70
uses-permission#android.permission.GET_ACCOUNTS
ADDED from src/main/AndroidManifest.xml:58:5-71
	android:name
		ADDED from src/main/AndroidManifest.xml:58:22-68
uses-permission#com.osiris.launcher2.permission.READ_SETTINGS
ADDED from src/main/AndroidManifest.xml:59:5-85
	android:name
		ADDED from src/main/AndroidManifest.xml:59:22-82
uses-permission#com.osiris.launcher2.permission.WRITE_SETTINGS
ADDED from src/main/AndroidManifest.xml:60:5-86
	android:name
		ADDED from src/main/AndroidManifest.xml:60:22-83
uses-sdk
ADDED from src/main/AndroidManifest.xml:62:5-63:37
	android:targetSdkVersion
		INJECTED from src/main/AndroidManifest.xml
		INJECTED from src/main/AndroidManifest.xml
	android:minSdkVersion
		ADDED from src/main/AndroidManifest.xml:63:9-35
		INJECTED from src/main/AndroidManifest.xml
		INJECTED from src/main/AndroidManifest.xml
application
ADDED from src/main/AndroidManifest.xml:65:5-156:19
	android:label
		ADDED from src/main/AndroidManifest.xml:67:9-49
	android:hardwareAccelerated
		ADDED from src/main/AndroidManifest.xml:69:9-43
	android:icon
		ADDED from src/main/AndroidManifest.xml:68:9-50
	android:largeHeap
		ADDED from src/main/AndroidManifest.xml:70:9-51
	android:name
		ADDED from src/main/AndroidManifest.xml:66:9-76
activity#com.osiris.com.dm47021.launchpad.Launcher
ADDED from src/main/AndroidManifest.xml:71:9-85:20
	android:clearTaskOnLaunch
		ADDED from src/main/AndroidManifest.xml:74:13-45
	android:screenOrientation
		ADDED from src/main/AndroidManifest.xml:78:13-49
	android:stateNotNeeded
		ADDED from src/main/AndroidManifest.xml:75:13-42
	android:launchMode
		ADDED from src/main/AndroidManifest.xml:73:13-44
	android:windowSoftInputMode
		ADDED from src/main/AndroidManifest.xml:77:13-52
	android:theme
		ADDED from src/main/AndroidManifest.xml:76:13-41
	android:name
		ADDED from src/main/AndroidManifest.xml:72:13-69
intent-filter#android.intent.action.MAIN+android.intent.category.DEFAULT+android.intent.category.HOME+android.intent.category.MONKEY
ADDED from src/main/AndroidManifest.xml:79:13-84:29
action#android.intent.action.MAIN
ADDED from src/main/AndroidManifest.xml:80:17-69
	android:name
		ADDED from src/main/AndroidManifest.xml:80:25-66
category#android.intent.category.HOME
ADDED from src/main/AndroidManifest.xml:81:17-73
	android:name
		ADDED from src/main/AndroidManifest.xml:81:27-70
category#android.intent.category.DEFAULT
ADDED from src/main/AndroidManifest.xml:82:17-76
	android:name
		ADDED from src/main/AndroidManifest.xml:82:27-73
category#android.intent.category.MONKEY
ADDED from src/main/AndroidManifest.xml:83:17-74
	android:name
		ADDED from src/main/AndroidManifest.xml:83:27-72
activity#com.osiris.com.dm47021.launchpad.WallpaperChooser
ADDED from src/main/AndroidManifest.xml:87:9-100:20
	android:finishOnCloseSystemDialogs
		ADDED from src/main/AndroidManifest.xml:92:13-54
	android:process
		ADDED from src/main/AndroidManifest.xml:93:13-49
	android:label
		ADDED from src/main/AndroidManifest.xml:90:13-51
	android:icon
		ADDED from src/main/AndroidManifest.xml:91:13-59
	android:theme
		ADDED from src/main/AndroidManifest.xml:89:13-57
	android:name
		ADDED from src/main/AndroidManifest.xml:88:13-77
intent-filter#android.intent.action.SET_WALLPAPER+android.intent.category.DEFAULT
ADDED from src/main/AndroidManifest.xml:94:13-97:29
action#android.intent.action.SET_WALLPAPER
ADDED from src/main/AndroidManifest.xml:95:17-78
	android:name
		ADDED from src/main/AndroidManifest.xml:95:25-75
meta-data#android.wallpaper.preview
ADDED from src/main/AndroidManifest.xml:98:13-99:68
	android:resource
		ADDED from src/main/AndroidManifest.xml:99:17-65
	android:name
		ADDED from src/main/AndroidManifest.xml:98:24-64
activity#com.osiris.launchpad.SettingsActivity
ADDED from src/main/AndroidManifest.xml:103:9-108:20
	android:name
		ADDED from src/main/AndroidManifest.xml:103:19-71
intent-filter#android.intent.action.MAIN+android.intent.category.DEFAULT
ADDED from src/main/AndroidManifest.xml:104:13-107:29
receiver#com.osiris.com.dm47021.launchpad.PreloadReceiver
ADDED from src/main/AndroidManifest.xml:111:9-117:20
	android:permission
		ADDED from src/main/AndroidManifest.xml:113:13-83
	android:name
		ADDED from src/main/AndroidManifest.xml:112:13-76
intent-filter#com.android.launcher.action.PRELOAD_WORKSPACE
ADDED from src/main/AndroidManifest.xml:114:13-116:29
action#com.android.launcher.action.PRELOAD_WORKSPACE
ADDED from src/main/AndroidManifest.xml:115:17-88
	android:name
		ADDED from src/main/AndroidManifest.xml:115:25-85
receiver#com.osiris.com.dm47021.launchpad.InstallShortcutReceiver
ADDED from src/main/AndroidManifest.xml:120:9-126:20
	android:permission
		ADDED from src/main/AndroidManifest.xml:122:13-82
	android:name
		ADDED from src/main/AndroidManifest.xml:121:13-84
intent-filter#com.android.launcher.action.INSTALL_SHORTCUT
ADDED from src/main/AndroidManifest.xml:123:13-125:29
action#com.android.launcher.action.INSTALL_SHORTCUT
ADDED from src/main/AndroidManifest.xml:124:17-87
	android:name
		ADDED from src/main/AndroidManifest.xml:124:25-84
receiver#com.osiris.com.dm47021.launchpad.UninstallShortcutReceiver
ADDED from src/main/AndroidManifest.xml:129:9-135:20
	android:permission
		ADDED from src/main/AndroidManifest.xml:131:13-84
	android:name
		ADDED from src/main/AndroidManifest.xml:130:13-86
intent-filter#com.android.launcher.action.UNINSTALL_SHORTCUT
ADDED from src/main/AndroidManifest.xml:132:13-134:29
action#com.android.launcher.action.UNINSTALL_SHORTCUT
ADDED from src/main/AndroidManifest.xml:133:17-89
	android:name
		ADDED from src/main/AndroidManifest.xml:133:25-86
receiver#com.osiris.com.dm47021.launchpad.UserInitializeReceiver
ADDED from src/main/AndroidManifest.xml:138:9-144:20
	android:exported
		ADDED from src/main/AndroidManifest.xml:140:13-37
	android:name
		ADDED from src/main/AndroidManifest.xml:139:13-83
intent-filter#android.intent.action.USER_INITIALIZE
ADDED from src/main/AndroidManifest.xml:141:13-143:29
action#android.intent.action.USER_INITIALIZE
ADDED from src/main/AndroidManifest.xml:142:17-80
	android:name
		ADDED from src/main/AndroidManifest.xml:142:25-77
provider#com.osiris.com.dm47021.launchpad.LauncherProvider
ADDED from src/main/AndroidManifest.xml:147:9-152:86
	android:readPermission
		ADDED from src/main/AndroidManifest.xml:152:13-83
	android:authorities
		ADDED from src/main/AndroidManifest.xml:149:13-64
	android:exported
		ADDED from src/main/AndroidManifest.xml:150:13-36
	android:name
		ADDED from src/main/AndroidManifest.xml:148:13-77
	android:writePermission
		ADDED from src/main/AndroidManifest.xml:151:13-85
meta-data#android.nfc.disable_beam_default
ADDED from src/main/AndroidManifest.xml:154:9-155:47
	android:value
		ADDED from src/main/AndroidManifest.xml:155:24-44
	android:name
		ADDED from src/main/AndroidManifest.xml:154:20-67